Started GET "/" for ::1 at 2021-03-29 22:43:45 -0400
  [1m[35m (11.2ms)[0m  [1m[34mSELECT sqlite_version(*)[0m
  [1m[35m (1.5ms)[0m  [1m[35mCREATE TABLE "schema_migrations" ("version" varchar NOT NULL PRIMARY KEY)[0m
  [1m[35m (1.8ms)[0m  [1m[35mCREATE TABLE "ar_internal_metadata" ("key" varchar NOT NULL PRIMARY KEY, "value" varchar, "created_at" datetime(6) NOT NULL, "updated_at" datetime(6) NOT NULL)[0m
  [1m[35m (0.4ms)[0m  [1m[34mSELECT "schema_migrations"."version" FROM "schema_migrations" ORDER BY "schema_migrations"."version" ASC[0m
  
ActiveRecord::PendingMigrationError (

Migrations are pending. To resolve this issue, run:

        bin/rails db:migrate RAILS_ENV=development

You have 3 pending migrations:

20210330023933_create_owners.rb
20210330024052_create_gardens.rb
20210330024242_create_plants.rb


):
  
activerecord (6.1.3.1) lib/active_record/migration.rb:625:in `check_pending!'
activerecord (6.1.3.1) lib/active_record/migration.rb:590:in `block (2 levels) in call'
activesupport (6.1.3.1) lib/active_support/evented_file_update_checker.rb:59:in `execute'
activerecord (6.1.3.1) lib/active_record/migration.rb:595:in `block in call'
activerecord (6.1.3.1) lib/active_record/migration.rb:587:in `synchronize'
activerecord (6.1.3.1) lib/active_record/migration.rb:587:in `call'
actionpack (6.1.3.1) lib/action_dispatch/middleware/callbacks.rb:27:in `block in call'
activesupport (6.1.3.1) lib/active_support/callbacks.rb:98:in `run_callbacks'
actionpack (6.1.3.1) lib/action_dispatch/middleware/callbacks.rb:26:in `call'
actionpack (6.1.3.1) lib/action_dispatch/middleware/executor.rb:14:in `call'
actionpack (6.1.3.1) lib/action_dispatch/middleware/actionable_exceptions.rb:18:in `call'
actionpack (6.1.3.1) lib/action_dispatch/middleware/debug_exceptions.rb:29:in `call'
web-console (4.1.0) lib/web_console/middleware.rb:132:in `call_app'
web-console (4.1.0) lib/web_console/middleware.rb:28:in `block in call'
web-console (4.1.0) lib/web_console/middleware.rb:17:in `catch'
web-console (4.1.0) lib/web_console/middleware.rb:17:in `call'
actionpack (6.1.3.1) lib/action_dispatch/middleware/show_exceptions.rb:33:in `call'
railties (6.1.3.1) lib/rails/rack/logger.rb:37:in `call_app'
railties (6.1.3.1) lib/rails/rack/logger.rb:26:in `block in call'
activesupport (6.1.3.1) lib/active_support/tagged_logging.rb:99:in `block in tagged'
activesupport (6.1.3.1) lib/active_support/tagged_logging.rb:37:in `tagged'
activesupport (6.1.3.1) lib/active_support/tagged_logging.rb:99:in `tagged'
railties (6.1.3.1) lib/rails/rack/logger.rb:26:in `call'
sprockets-rails (3.2.2) lib/sprockets/rails/quiet_assets.rb:13:in `call'
actionpack (6.1.3.1) lib/action_dispatch/middleware/remote_ip.rb:81:in `call'
actionpack (6.1.3.1) lib/action_dispatch/middleware/request_id.rb:26:in `call'
rack (2.2.3) lib/rack/method_override.rb:24:in `call'
rack (2.2.3) lib/rack/runtime.rb:22:in `call'
activesupport (6.1.3.1) lib/active_support/cache/strategy/local_cache_middleware.rb:29:in `call'
actionpack (6.1.3.1) lib/action_dispatch/middleware/executor.rb:14:in `call'
actionpack (6.1.3.1) lib/action_dispatch/middleware/static.rb:24:in `call'
rack (2.2.3) lib/rack/sendfile.rb:110:in `call'
actionpack (6.1.3.1) lib/action_dispatch/middleware/host_authorization.rb:98:in `call'
rack-mini-profiler (2.3.1) lib/mini_profiler/profiler.rb:373:in `call'
webpacker (5.2.1) lib/webpacker/dev_server_proxy.rb:25:in `perform_request'
rack-proxy (0.6.5) lib/rack/proxy.rb:57:in `call'
railties (6.1.3.1) lib/rails/engine.rb:539:in `call'
puma (5.2.2) lib/puma/configuration.rb:248:in `call'
puma (5.2.2) lib/puma/request.rb:76:in `block in handle_request'
puma (5.2.2) lib/puma/thread_pool.rb:337:in `with_force_shutdown'
puma (5.2.2) lib/puma/request.rb:75:in `handle_request'
puma (5.2.2) lib/puma/server.rb:431:in `process_client'
puma (5.2.2) lib/puma/thread_pool.rb:145:in `block in spawn_thread'
  [1m[35m (0.4ms)[0m  [1m[34mSELECT sqlite_version(*)[0m
  [1m[35m (0.1ms)[0m  [1m[34mSELECT "schema_migrations"."version" FROM "schema_migrations" ORDER BY "schema_migrations"."version" ASC[0m
Migrating to CreateOwners (20210330023933)
  [1m[36mTRANSACTION (0.1ms)[0m  [1m[36mbegin transaction[0m
  [1m[35m (0.7ms)[0m  [1m[35mCREATE TABLE "owners" ("id" integer PRIMARY KEY AUTOINCREMENT NOT NULL, "name" varchar, "created_at" datetime(6) NOT NULL, "updated_at" datetime(6) NOT NULL)[0m
  [1m[36mActiveRecord::SchemaMigration Create (0.3ms)[0m  [1m[32mINSERT INTO "schema_migrations" ("version") VALUES (?)[0m  [["version", "20210330023933"]]
  [1m[36mTRANSACTION (1.0ms)[0m  [1m[36mcommit transaction[0m
Migrating to CreateGardens (20210330024052)
  [1m[36mTRANSACTION (0.1ms)[0m  [1m[36mbegin transaction[0m
  [1m[35m (0.6ms)[0m  [1m[35mCREATE TABLE "gardens" ("id" integer PRIMARY KEY AUTOINCREMENT NOT NULL, "plant_id" integer, "owner_id" integer, "created_at" datetime(6) NOT NULL, "updated_at" datetime(6) NOT NULL)[0m
  [1m[36mActiveRecord::SchemaMigration Create (0.2ms)[0m  [1m[32mINSERT INTO "schema_migrations" ("version") VALUES (?)[0m  [["version", "20210330024052"]]
  [1m[36mTRANSACTION (2.1ms)[0m  [1m[36mcommit transaction[0m
Migrating to CreatePlants (20210330024242)
  [1m[36mTRANSACTION (0.1ms)[0m  [1m[36mbegin transaction[0m
  [1m[35m (0.7ms)[0m  [1m[35mCREATE TABLE "plants" ("id" integer PRIMARY KEY AUTOINCREMENT NOT NULL, "common_name" varchar, "scientific_name" varchar, "image_url" text, "created_at" datetime(6) NOT NULL, "updated_at" datetime(6) NOT NULL)[0m
  [1m[36mActiveRecord::SchemaMigration Create (0.5ms)[0m  [1m[32mINSERT INTO "schema_migrations" ("version") VALUES (?)[0m  [["version", "20210330024242"]]
  [1m[36mTRANSACTION (0.8ms)[0m  [1m[36mcommit transaction[0m
  [1m[36mActiveRecord::InternalMetadata Load (2.2ms)[0m  [1m[34mSELECT "ar_internal_metadata".* FROM "ar_internal_metadata" WHERE "ar_internal_metadata"."key" = ? LIMIT ?[0m  [["key", "environment"], ["LIMIT", 1]]
  [1m[36mTRANSACTION (0.1ms)[0m  [1m[36mbegin transaction[0m
  [1m[36mActiveRecord::InternalMetadata Create (0.8ms)[0m  [1m[32mINSERT INTO "ar_internal_metadata" ("key", "value", "created_at", "updated_at") VALUES (?, ?, ?, ?)[0m  [["key", "environment"], ["value", "development"], ["created_at", "2021-03-30 02:44:32.472091"], ["updated_at", "2021-03-30 02:44:32.472091"]]
  [1m[36mTRANSACTION (0.8ms)[0m  [1m[36mcommit transaction[0m
  [1m[35m (0.1ms)[0m  [1m[34mSELECT sqlite_version(*)[0m
  [1m[35m (0.2ms)[0m  [1m[34mSELECT "schema_migrations"."version" FROM "schema_migrations" ORDER BY "schema_migrations"."version" ASC[0m
Started GET "/" for ::1 at 2021-03-29 22:44:37 -0400
  [1m[35m (0.4ms)[0m  [1m[34mSELECT sqlite_version(*)[0m
  [1m[35m (0.2ms)[0m  [1m[34mSELECT "schema_migrations"."version" FROM "schema_migrations" ORDER BY "schema_migrations"."version" ASC[0m
Processing by Rails::WelcomeController#index as HTML
  Rendering /Users/veresia/.rvm/gems/ruby-2.6.1/gems/railties-6.1.3.1/lib/rails/templates/rails/welcome/index.html.erb
  Rendered /Users/veresia/.rvm/gems/ruby-2.6.1/gems/railties-6.1.3.1/lib/rails/templates/rails/welcome/index.html.erb (Duration: 9.4ms | Allocations: 354)
Completed 200 OK in 32ms (Views: 14.0ms | ActiveRecord: 0.0ms | Allocations: 3260)


Started GET "/" for ::1 at 2021-03-29 22:44:41 -0400
Processing by Rails::WelcomeController#index as HTML
  Rendering /Users/veresia/.rvm/gems/ruby-2.6.1/gems/railties-6.1.3.1/lib/rails/templates/rails/welcome/index.html.erb
  Rendered /Users/veresia/.rvm/gems/ruby-2.6.1/gems/railties-6.1.3.1/lib/rails/templates/rails/welcome/index.html.erb (Duration: 10.8ms | Allocations: 346)
Completed 200 OK in 16ms (Views: 13.9ms | ActiveRecord: 0.0ms | Allocations: 1054)


Started GET "/" for ::1 at 2021-03-30 13:20:58 -0400
  [1m[35m (1.2ms)[0m  [1m[34mSELECT sqlite_version(*)[0m
  [1m[35m (0.5ms)[0m  [1m[34mSELECT "schema_migrations"."version" FROM "schema_migrations" ORDER BY "schema_migrations"."version" ASC[0m
Processing by Rails::WelcomeController#index as HTML
  Rendering /Users/veresia/.rvm/gems/ruby-2.6.1/gems/railties-6.1.3.1/lib/rails/templates/rails/welcome/index.html.erb
  Rendered /Users/veresia/.rvm/gems/ruby-2.6.1/gems/railties-6.1.3.1/lib/rails/templates/rails/welcome/index.html.erb (Duration: 9.3ms | Allocations: 354)
Completed 200 OK in 31ms (Views: 14.0ms | ActiveRecord: 0.0ms | Allocations: 2664)


Started GET "/owners" for ::1 at 2021-03-30 13:21:10 -0400
Processing by OwnersController#index as HTML
Completed 406 Not Acceptable in 26ms (ActiveRecord: 0.0ms | Allocations: 4607)


  
ActionController::MissingExactTemplate (OwnersController#index is missing a template for request formats: text/html):
  
actionpack (6.1.3.1) lib/action_controller/metal/implicit_render.rb:45:in `default_render'
actionpack (6.1.3.1) lib/action_controller/metal/basic_implicit_render.rb:6:in `block in send_action'
actionpack (6.1.3.1) lib/action_controller/metal/basic_implicit_render.rb:6:in `tap'
actionpack (6.1.3.1) lib/action_controller/metal/basic_implicit_render.rb:6:in `send_action'
actionpack (6.1.3.1) lib/abstract_controller/base.rb:228:in `process_action'
actionpack (6.1.3.1) lib/action_controller/metal/rendering.rb:30:in `process_action'
actionpack (6.1.3.1) lib/abstract_controller/callbacks.rb:42:in `block in process_action'
activesupport (6.1.3.1) lib/active_support/callbacks.rb:117:in `block in run_callbacks'
actiontext (6.1.3.1) lib/action_text/rendering.rb:20:in `with_renderer'
actiontext (6.1.3.1) lib/action_text/engine.rb:55:in `block (4 levels) in <class:Engine>'
activesupport (6.1.3.1) lib/active_support/callbacks.rb:126:in `instance_exec'
activesupport (6.1.3.1) lib/active_support/callbacks.rb:126:in `block in run_callbacks'
activesupport (6.1.3.1) lib/active_support/callbacks.rb:137:in `run_callbacks'
actionpack (6.1.3.1) lib/abstract_controller/callbacks.rb:41:in `process_action'
actionpack (6.1.3.1) lib/action_controller/metal/rescue.rb:22:in `process_action'
actionpack (6.1.3.1) lib/action_controller/metal/instrumentation.rb:34:in `block in process_action'
activesupport (6.1.3.1) lib/active_support/notifications.rb:203:in `block in instrument'
activesupport (6.1.3.1) lib/active_support/notifications/instrumenter.rb:24:in `instrument'
activesupport (6.1.3.1) lib/active_support/notifications.rb:203:in `instrument'
actionpack (6.1.3.1) lib/action_controller/metal/instrumentation.rb:33:in `process_action'
actionpack (6.1.3.1) lib/action_controller/metal/params_wrapper.rb:249:in `process_action'
activerecord (6.1.3.1) lib/active_record/railties/controller_runtime.rb:27:in `process_action'
actionpack (6.1.3.1) lib/abstract_controller/base.rb:165:in `process'
actionview (6.1.3.1) lib/action_view/rendering.rb:39:in `process'
actionpack (6.1.3.1) lib/action_controller/metal.rb:190:in `dispatch'
actionpack (6.1.3.1) lib/action_controller/metal.rb:254:in `dispatch'
actionpack (6.1.3.1) lib/action_dispatch/routing/route_set.rb:50:in `dispatch'
actionpack (6.1.3.1) lib/action_dispatch/routing/route_set.rb:33:in `serve'
actionpack (6.1.3.1) lib/action_dispatch/journey/router.rb:50:in `block in serve'
actionpack (6.1.3.1) lib/action_dispatch/journey/router.rb:32:in `each'
actionpack (6.1.3.1) lib/action_dispatch/journey/router.rb:32:in `serve'
actionpack (6.1.3.1) lib/action_dispatch/routing/route_set.rb:842:in `call'
rack (2.2.3) lib/rack/tempfile_reaper.rb:15:in `call'
rack (2.2.3) lib/rack/etag.rb:27:in `call'
rack (2.2.3) lib/rack/conditional_get.rb:27:in `call'
rack (2.2.3) lib/rack/head.rb:12:in `call'
actionpack (6.1.3.1) lib/action_dispatch/http/permissions_policy.rb:22:in `call'
actionpack (6.1.3.1) lib/action_dispatch/http/content_security_policy.rb:18:in `call'
rack (2.2.3) lib/rack/session/abstract/id.rb:266:in `context'
rack (2.2.3) lib/rack/session/abstract/id.rb:260:in `call'
actionpack (6.1.3.1) lib/action_dispatch/middleware/cookies.rb:689:in `call'
activerecord (6.1.3.1) lib/active_record/migration.rb:601:in `call'
actionpack (6.1.3.1) lib/action_dispatch/middleware/callbacks.rb:27:in `block in call'
activesupport (6.1.3.1) lib/active_support/callbacks.rb:98:in `run_callbacks'
actionpack (6.1.3.1) lib/action_dispatch/middleware/callbacks.rb:26:in `call'
actionpack (6.1.3.1) lib/action_dispatch/middleware/executor.rb:14:in `call'
actionpack (6.1.3.1) lib/action_dispatch/middleware/actionable_exceptions.rb:18:in `call'
actionpack (6.1.3.1) lib/action_dispatch/middleware/debug_exceptions.rb:29:in `call'
web-console (4.1.0) lib/web_console/middleware.rb:132:in `call_app'
web-console (4.1.0) lib/web_console/middleware.rb:28:in `block in call'
web-console (4.1.0) lib/web_console/middleware.rb:17:in `catch'
web-console (4.1.0) lib/web_console/middleware.rb:17:in `call'
actionpack (6.1.3.1) lib/action_dispatch/middleware/show_exceptions.rb:33:in `call'
railties (6.1.3.1) lib/rails/rack/logger.rb:37:in `call_app'
railties (6.1.3.1) lib/rails/rack/logger.rb:26:in `block in call'
activesupport (6.1.3.1) lib/active_support/tagged_logging.rb:99:in `block in tagged'
activesupport (6.1.3.1) lib/active_support/tagged_logging.rb:37:in `tagged'
activesupport (6.1.3.1) lib/active_support/tagged_logging.rb:99:in `tagged'
railties (6.1.3.1) lib/rails/rack/logger.rb:26:in `call'
sprockets-rails (3.2.2) lib/sprockets/rails/quiet_assets.rb:13:in `call'
actionpack (6.1.3.1) lib/action_dispatch/middleware/remote_ip.rb:81:in `call'
actionpack (6.1.3.1) lib/action_dispatch/middleware/request_id.rb:26:in `call'
rack (2.2.3) lib/rack/method_override.rb:24:in `call'
rack (2.2.3) lib/rack/runtime.rb:22:in `call'
activesupport (6.1.3.1) lib/active_support/cache/strategy/local_cache_middleware.rb:29:in `call'
actionpack (6.1.3.1) lib/action_dispatch/middleware/executor.rb:14:in `call'
actionpack (6.1.3.1) lib/action_dispatch/middleware/static.rb:24:in `call'
rack (2.2.3) lib/rack/sendfile.rb:110:in `call'
actionpack (6.1.3.1) lib/action_dispatch/middleware/host_authorization.rb:98:in `call'
rack-mini-profiler (2.3.1) lib/mini_profiler/profiler.rb:373:in `call'
webpacker (5.2.1) lib/webpacker/dev_server_proxy.rb:25:in `perform_request'
rack-proxy (0.6.5) lib/rack/proxy.rb:57:in `call'
railties (6.1.3.1) lib/rails/engine.rb:539:in `call'
puma (5.2.2) lib/puma/configuration.rb:248:in `call'
puma (5.2.2) lib/puma/request.rb:76:in `block in handle_request'
puma (5.2.2) lib/puma/thread_pool.rb:337:in `with_force_shutdown'
puma (5.2.2) lib/puma/request.rb:75:in `handle_request'
puma (5.2.2) lib/puma/server.rb:431:in `process_client'
puma (5.2.2) lib/puma/thread_pool.rb:145:in `block in spawn_thread'
Started GET "/owners" for ::1 at 2021-03-30 13:34:29 -0400
  [1m[35m (0.5ms)[0m  [1m[34mSELECT sqlite_version(*)[0m
  [1m[35m (0.2ms)[0m  [1m[34mSELECT "schema_migrations"."version" FROM "schema_migrations" ORDER BY "schema_migrations"."version" ASC[0m
Processing by OwnersController#index as HTML
  Rendering layout layouts/application.html.erb
  Rendering owners/index.html.erb within layouts/application
  Rendered owners/index.html.erb within layouts/application (Duration: 6.8ms | Allocations: 243)
  Rendered layout layouts/application.html.erb (Duration: 75.5ms | Allocations: 16025)
Completed 500 Internal Server Error in 105ms (ActiveRecord: 0.0ms | Allocations: 21569)


  
ActionView::Template::Error (link_tree argument must be a directory):
  
app/assets/config/manifest.js:1
Started GET "/" for ::1 at 2021-03-30 13:35:42 -0400
Processing by Rails::WelcomeController#index as HTML
  Rendering /Users/veresia/.rvm/gems/ruby-2.6.1/gems/railties-6.1.3.1/lib/rails/templates/rails/welcome/index.html.erb
  Rendered /Users/veresia/.rvm/gems/ruby-2.6.1/gems/railties-6.1.3.1/lib/rails/templates/rails/welcome/index.html.erb (Duration: 14.2ms | Allocations: 233)
Completed 200 OK in 21ms (Views: 15.6ms | ActiveRecord: 0.0ms | Allocations: 1021)


Started GET "/owners" for ::1 at 2021-03-30 13:49:50 -0400
  [1m[35m (0.5ms)[0m  [1m[34mSELECT sqlite_version(*)[0m
  [1m[35m (0.1ms)[0m  [1m[34mSELECT "schema_migrations"."version" FROM "schema_migrations" ORDER BY "schema_migrations"."version" ASC[0m
Processing by OwnersController#index as HTML
  Rendering layout layouts/application.html.erb
  Rendering owners/index.html.erb within layouts/application
  Rendered owners/index.html.erb within layouts/application (Duration: 1.2ms | Allocations: 232)
  Rendered layout layouts/application.html.erb (Duration: 12.6ms | Allocations: 3896)
Completed 500 Internal Server Error in 51ms (ActiveRecord: 0.0ms | Allocations: 9439)


  
ActionView::Template::Error (link_tree argument must be a directory):
  
app/assets/config/manifest.js:1
Started GET "/owners" for ::1 at 2021-03-30 14:21:35 -0400
  [1m[35m (1.2ms)[0m  [1m[34mSELECT sqlite_version(*)[0m
  [1m[35m (0.5ms)[0m  [1m[34mSELECT "schema_migrations"."version" FROM "schema_migrations" ORDER BY "schema_migrations"."version" ASC[0m
Processing by OwnersController#index as HTML
  Rendering layout layouts/application.html.erb
  Rendering owners/index.html.erb within layouts/application
  Rendered owners/index.html.erb within layouts/application (Duration: 2.9ms | Allocations: 1574)
  Rendered layout layouts/application.html.erb (Duration: 3.3ms | Allocations: 1650)
Completed 500 Internal Server Error in 30ms (ActiveRecord: 0.0ms | Allocations: 6940)


  
ActionView::SyntaxErrorInTemplate (Encountered a syntax error while rendering template: check <h1>All Owners</h1>
<div>
<% @owners.each do |owner| %>
    <% link_to owner.name, owner_path(owner)) %>
    <%= (link_to "Edit Owner", edit_owner_path(owner)) %>
    <% end %>
</div>
):
1:    <h1>All Owners</h1>
2:    <div>
3:    <% @owners.each do |owner| %>
4:        <% link_to owner.name, owner_path(owner)) %>
5:        <%= (link_to "Edit Owner", edit_owner_path(owner)) %>
6:        <% end %>
7:    </div>
  
app/views/owners/index.html.erb:4: syntax error, unexpected ')', expecting end
app/views/owners/index.html.erb:9: syntax error, unexpected end, expecting end-of-input
app/views/owners/index.html.erb:4: syntax error, unexpected ')', expecting end
app/views/owners/index.html.erb:9: syntax error, unexpected end, expecting end-of-input
app/views/owners/index.html.erb:4: syntax error, unexpected ')', expecting end
app/views/owners/index.html.erb:9: syntax error, unexpected end, expecting end-of-input
app/views/owners/index.html.erb:4: syntax error, unexpected ')', expecting end
app/views/owners/index.html.erb:9: syntax error, unexpected end, expecting end-of-input
app/views/owners/index.html.erb:4: syntax error, unexpected ')', expecting end
app/views/owners/index.html.erb:9: syntax error, unexpected end, expecting end-of-input
app/views/owners/index.html.erb:4: syntax error, unexpected ')', expecting end
app/views/owners/index.html.erb:9: syntax error, unexpected end, expecting end-of-input
Started GET "/owners" for ::1 at 2021-03-30 14:22:59 -0400
Processing by OwnersController#index as HTML
  Rendering layout layouts/application.html.erb
  Rendering owners/index.html.erb within layouts/application
  Rendered owners/index.html.erb within layouts/application (Duration: 1.2ms | Allocations: 1140)
  Rendered layout layouts/application.html.erb (Duration: 1.4ms | Allocations: 1212)
Completed 500 Internal Server Error in 11ms (ActiveRecord: 0.0ms | Allocations: 2385)


  
ActionView::SyntaxErrorInTemplate (Encountered a syntax error while rendering template: check <h1>All Owners</h1>
<div>
<% @owners.each do |owner| %>
    <% link_to owner.name, owner_path(owner)) %>
    <%= (link_to "Edit Owner", edit_owner_path(owner) %>
    <% end %>
</div>
):
1:    <h1>All Owners</h1>
2:    <div>
3:    <% @owners.each do |owner| %>
4:        <% link_to owner.name, owner_path(owner)) %>
5:        <%= (link_to "Edit Owner", edit_owner_path(owner) %>
6:        <% end %>
7:    </div>
  
app/views/owners/index.html.erb:4: syntax error, unexpected ')', expecting end
app/views/owners/index.html.erb:6: syntax error, unexpected end, expecting ')'
app/views/owners/index.html.erb:9: syntax error, unexpected end, expecting ')'
app/views/owners/index.html.erb:4: syntax error, unexpected ')', expecting end
app/views/owners/index.html.erb:6: syntax error, unexpected end, expecting ')'
app/views/owners/index.html.erb:9: syntax error, unexpected end, expecting ')'
app/views/owners/index.html.erb:4: syntax error, unexpected ')', expecting end
app/views/owners/index.html.erb:6: syntax error, unexpected end, expecting ')'
app/views/owners/index.html.erb:9: syntax error, unexpected end, expecting ')'
app/views/owners/index.html.erb:4: syntax error, unexpected ')', expecting end
app/views/owners/index.html.erb:6: syntax error, unexpected end, expecting ')'
app/views/owners/index.html.erb:9: syntax error, unexpected end, expecting ')'
app/views/owners/index.html.erb:4: syntax error, unexpected ')', expecting end
app/views/owners/index.html.erb:6: syntax error, unexpected end, expecting ')'
app/views/owners/index.html.erb:9: syntax error, unexpected end, expecting ')'
app/views/owners/index.html.erb:4: syntax error, unexpected ')', expecting end
app/views/owners/index.html.erb:6: syntax error, unexpected end, expecting ')'
app/views/owners/index.html.erb:9: syntax error, unexpected end, expecting ')'
Started GET "/owners" for ::1 at 2021-03-30 14:23:04 -0400
Processing by OwnersController#index as HTML
  Rendering layout layouts/application.html.erb
  Rendering owners/index.html.erb within layouts/application
  Rendered owners/index.html.erb within layouts/application (Duration: 1.2ms | Allocations: 1129)
  Rendered layout layouts/application.html.erb (Duration: 1.4ms | Allocations: 1201)
Completed 500 Internal Server Error in 4ms (ActiveRecord: 0.0ms | Allocations: 1526)


  
ActionView::SyntaxErrorInTemplate (Encountered a syntax error while rendering template: check <h1>All Owners</h1>
<div>
<% @owners.each do |owner| %>
    <% link_to owner.name, owner_path(owner)) %>
    <%= (link_to "Edit Owner", edit_owner_path(owner) %>
    <% end %>
</div>
):
1:    <h1>All Owners</h1>
2:    <div>
3:    <% @owners.each do |owner| %>
4:        <% link_to owner.name, owner_path(owner)) %>
5:        <%= (link_to "Edit Owner", edit_owner_path(owner) %>
6:        <% end %>
7:    </div>
  
app/views/owners/index.html.erb:4: syntax error, unexpected ')', expecting end
app/views/owners/index.html.erb:6: syntax error, unexpected end, expecting ')'
app/views/owners/index.html.erb:9: syntax error, unexpected end, expecting ')'
app/views/owners/index.html.erb:4: syntax error, unexpected ')', expecting end
app/views/owners/index.html.erb:6: syntax error, unexpected end, expecting ')'
app/views/owners/index.html.erb:9: syntax error, unexpected end, expecting ')'
app/views/owners/index.html.erb:4: syntax error, unexpected ')', expecting end
app/views/owners/index.html.erb:6: syntax error, unexpected end, expecting ')'
app/views/owners/index.html.erb:9: syntax error, unexpected end, expecting ')'
app/views/owners/index.html.erb:4: syntax error, unexpected ')', expecting end
app/views/owners/index.html.erb:6: syntax error, unexpected end, expecting ')'
app/views/owners/index.html.erb:9: syntax error, unexpected end, expecting ')'
app/views/owners/index.html.erb:4: syntax error, unexpected ')', expecting end
app/views/owners/index.html.erb:6: syntax error, unexpected end, expecting ')'
app/views/owners/index.html.erb:9: syntax error, unexpected end, expecting ')'
app/views/owners/index.html.erb:4: syntax error, unexpected ')', expecting end
app/views/owners/index.html.erb:6: syntax error, unexpected end, expecting ')'
app/views/owners/index.html.erb:9: syntax error, unexpected end, expecting ')'
Started GET "/owners" for ::1 at 2021-03-30 14:23:26 -0400
  [1m[35m (1.1ms)[0m  [1m[34mSELECT sqlite_version(*)[0m
  [1m[35m (0.4ms)[0m  [1m[34mSELECT "schema_migrations"."version" FROM "schema_migrations" ORDER BY "schema_migrations"."version" ASC[0m
Processing by OwnersController#index as HTML
  Rendering layout layouts/application.html.erb
  Rendering owners/index.html.erb within layouts/application
  Rendered owners/index.html.erb within layouts/application (Duration: 3.0ms | Allocations: 1571)
  Rendered layout layouts/application.html.erb (Duration: 3.3ms | Allocations: 1647)
Completed 500 Internal Server Error in 35ms (ActiveRecord: 0.0ms | Allocations: 6460)


  
ActionView::SyntaxErrorInTemplate (Encountered a syntax error while rendering template: check <h1>All Owners</h1>
<div>
<% @owners.each do |owner| %>
    <% link_to owner.name, owner_path(owner) %>
    <%= (link_to "Edit Owner", edit_owner_path(owner) %>
    <% end %>
</div>
):
1:    <h1>All Owners</h1>
2:    <div>
3:    <% @owners.each do |owner| %>
4:        <% link_to owner.name, owner_path(owner) %>
5:        <%= (link_to "Edit Owner", edit_owner_path(owner) %>
6:        <% end %>
7:    </div>
  
app/views/owners/index.html.erb:6: syntax error, unexpected end, expecting ')'
app/views/owners/index.html.erb:9: syntax error, unexpected end, expecting ')'
app/views/owners/index.html.erb:6: syntax error, unexpected end, expecting ')'
app/views/owners/index.html.erb:9: syntax error, unexpected end, expecting ')'
app/views/owners/index.html.erb:6: syntax error, unexpected end, expecting ')'
app/views/owners/index.html.erb:9: syntax error, unexpected end, expecting ')'
app/views/owners/index.html.erb:6: syntax error, unexpected end, expecting ')'
app/views/owners/index.html.erb:9: syntax error, unexpected end, expecting ')'
app/views/owners/index.html.erb:6: syntax error, unexpected end, expecting ')'
app/views/owners/index.html.erb:9: syntax error, unexpected end, expecting ')'
app/views/owners/index.html.erb:6: syntax error, unexpected end, expecting ')'
app/views/owners/index.html.erb:9: syntax error, unexpected end, expecting ')'
Started GET "/owners" for ::1 at 2021-03-30 14:23:50 -0400
Processing by OwnersController#index as HTML
  Rendering layout layouts/application.html.erb
  Rendering owners/index.html.erb within layouts/application
  [1m[36mOwner Load (1.5ms)[0m  [1m[34mSELECT "owners".* FROM "owners"[0m
  ↳ app/views/owners/index.html.erb:3
  Rendered owners/index.html.erb within layouts/application (Duration: 6.3ms | Allocations: 911)
  Rendered layout layouts/application.html.erb (Duration: 21.3ms | Allocations: 4270)
Completed 500 Internal Server Error in 27ms (ActiveRecord: 1.5ms | Allocations: 5442)


  
ActionView::Template::Error (link_tree argument must be a directory):
  
app/assets/config/manifest.js:1
Started GET "/owners" for ::1 at 2021-03-30 14:26:19 -0400
Processing by OwnersController#index as HTML
  Rendering layout layouts/application.html.erb
  Rendering owners/index.html.erb within layouts/application
  [1m[36mOwner Load (0.1ms)[0m  [1m[34mSELECT "owners".* FROM "owners"[0m
  ↳ app/views/owners/index.html.erb:3
  Rendered owners/index.html.erb within layouts/application (Duration: 3.8ms | Allocations: 676)
  Rendered layout layouts/application.html.erb (Duration: 18.2ms | Allocations: 3489)
Completed 500 Internal Server Error in 19ms (ActiveRecord: 0.1ms | Allocations: 3814)


  
ActionView::Template::Error (link_tree argument must be a directory):
  
app/assets/config/manifest.js:1
Started GET "/owners" for ::1 at 2021-03-30 14:26:21 -0400
Processing by OwnersController#index as HTML
  Rendering layout layouts/application.html.erb
  Rendering owners/index.html.erb within layouts/application
  [1m[36mOwner Load (0.1ms)[0m  [1m[34mSELECT "owners".* FROM "owners"[0m
  ↳ app/views/owners/index.html.erb:3
  Rendered owners/index.html.erb within layouts/application (Duration: 1.8ms | Allocations: 676)
  Rendered layout layouts/application.html.erb (Duration: 7.1ms | Allocations: 3295)
Completed 500 Internal Server Error in 9ms (ActiveRecord: 0.1ms | Allocations: 3619)


  
ActionView::Template::Error (link_tree argument must be a directory):
  
app/assets/config/manifest.js:1
Started GET "/owners" for ::1 at 2021-03-30 14:27:00 -0400
Processing by OwnersController#index as HTML
  Rendering layout layouts/application.html.erb
  Rendering owners/index.html.erb within layouts/application
  [1m[36mOwner Load (0.1ms)[0m  [1m[34mSELECT "owners".* FROM "owners"[0m
  ↳ app/views/owners/index.html.erb:3
  Rendered owners/index.html.erb within layouts/application (Duration: 2.2ms | Allocations: 676)
  Rendered layout layouts/application.html.erb (Duration: 10.0ms | Allocations: 3383)
Completed 500 Internal Server Error in 11ms (ActiveRecord: 0.1ms | Allocations: 3707)


  
ActionView::Template::Error (link_tree argument must be a directory):
  
app/assets/config/manifest.js:1
Started GET "/owners" for ::1 at 2021-03-30 14:27:01 -0400
Processing by OwnersController#index as HTML
  Rendering layout layouts/application.html.erb
  Rendering owners/index.html.erb within layouts/application
  [1m[36mOwner Load (0.2ms)[0m  [1m[34mSELECT "owners".* FROM "owners"[0m
  ↳ app/views/owners/index.html.erb:3
  Rendered owners/index.html.erb within layouts/application (Duration: 3.6ms | Allocations: 667)
  Rendered layout layouts/application.html.erb (Duration: 11.0ms | Allocations: 3311)
Completed 500 Internal Server Error in 14ms (ActiveRecord: 0.2ms | Allocations: 3626)


  
ActionView::Template::Error (link_tree argument must be a directory):
  
app/assets/config/manifest.js:1
Started GET "/owners" for ::1 at 2021-03-30 14:33:52 -0400
Processing by OwnersController#index as HTML
  Rendering layout layouts/application.html.erb
  Rendering owners/index.html.erb within layouts/application
  [1m[35m (0.1ms)[0m  [1m[34mSELECT sqlite_version(*)[0m
  ↳ app/views/owners/index.html.erb:3
  [1m[36mOwner Load (0.5ms)[0m  [1m[34mSELECT "owners".* FROM "owners"[0m
  ↳ app/views/owners/index.html.erb:3
  Rendered owners/index.html.erb within layouts/application (Duration: 6.5ms | Allocations: 1394)
  Rendered layout layouts/application.html.erb (Duration: 18.7ms | Allocations: 4038)
Completed 500 Internal Server Error in 20ms (ActiveRecord: 1.7ms | Allocations: 4353)


  
ActionView::Template::Error (link_tree argument must be a directory):
  
app/assets/config/manifest.js:1
Started GET "/owners" for ::1 at 2021-03-30 14:37:48 -0400
Processing by OwnersController#index as HTML
  Rendering layout layouts/application.html.erb
  Rendering owners/index.html.erb within layouts/application
  [1m[36mOwner Load (0.2ms)[0m  [1m[34mSELECT "owners".* FROM "owners"[0m
  ↳ app/views/owners/index.html.erb:3
  Rendered owners/index.html.erb within layouts/application (Duration: 2.7ms | Allocations: 667)
[Webpacker] Compiling...
[Webpacker] Compilation failed:
yarn run v1.22.10
info Visit https://yarnpkg.com/en/docs/cli/run for documentation about this command.


error Command "webpack" not found.

  Rendered layout layouts/application.html.erb (Duration: 1923.5ms | Allocations: 13177)
Completed 500 Internal Server Error in 1925ms (ActiveRecord: 0.2ms | Allocations: 13492)


  
ActionView::Template::Error (Webpacker can't find application.js in /Applications/Flatiron Curriculum/Flatiron/Projects/virtual-garden/public/packs/manifest.json. Possible causes:
1. You want to set webpacker.yml value of compile to true for your environment
   unless you are using the `webpack -w` or the webpack-dev-server.
2. webpack has not yet re-run to reflect updates.
3. You have misconfigured Webpacker's config/webpacker.yml file.
4. Your webpack configuration is not creating a manifest.
Your manifest contains:
{
}
):
     7:     <%= csp_meta_tag %>
     8: 
     9:     <%= stylesheet_link_tag 'application', media: 'all', 'data-turbolinks-track': 'reload' %>
    10:     <%= javascript_pack_tag 'application', 'data-turbolinks-track': 'reload' %>
    11:   </head>
    12: 
    13:   <body>
  
app/views/layouts/application.html.erb:10
Started GET "/owners" for ::1 at 2021-03-30 14:53:00 -0400
  [1m[35m (1.4ms)[0m  [1m[34mSELECT sqlite_version(*)[0m
  [1m[35m (0.4ms)[0m  [1m[34mSELECT "schema_migrations"."version" FROM "schema_migrations" ORDER BY "schema_migrations"."version" ASC[0m
Processing by OwnersController#index as HTML
  Rendering layout layouts/application.html.erb
  Rendering owners/index.html.erb within layouts/application
  [1m[36mOwner Load (0.6ms)[0m  [1m[34mSELECT "owners".* FROM "owners"[0m
  ↳ app/views/owners/index.html.erb:3
  Rendered owners/index.html.erb within layouts/application (Duration: 10.8ms | Allocations: 1751)
[Webpacker] Compiling...
[Webpacker] Compilation failed:
yarn run v1.22.10
info Visit https://yarnpkg.com/en/docs/cli/run for documentation about this command.


error Command "webpack" not found.

  Rendered layout layouts/application.html.erb (Duration: 2203.7ms | Allocations: 29591)
Completed 500 Internal Server Error in 2243ms (ActiveRecord: 0.6ms | Allocations: 34758)


  
ActionView::Template::Error (Webpacker can't find application.js in /Applications/Flatiron Curriculum/Flatiron/Projects/virtual-garden/public/packs/manifest.json. Possible causes:
1. You want to set webpacker.yml value of compile to true for your environment
   unless you are using the `webpack -w` or the webpack-dev-server.
2. webpack has not yet re-run to reflect updates.
3. You have misconfigured Webpacker's config/webpacker.yml file.
4. Your webpack configuration is not creating a manifest.
Your manifest contains:
{
}
):
     7:     <%= csp_meta_tag %>
     8: 
     9:     <%= stylesheet_link_tag 'application', media: 'all', 'data-turbolinks-track': 'reload' %>
    10:     <%= javascript_pack_tag 'application', 'data-turbolinks-track': 'reload' %>
    11:   </head>
    12: 
    13:   <body>
  
app/views/layouts/application.html.erb:10
Started GET "/owners" for ::1 at 2021-03-30 14:53:07 -0400
Processing by OwnersController#index as HTML
  Rendering layout layouts/application.html.erb
  Rendering owners/index.html.erb within layouts/application
  [1m[36mOwner Load (0.2ms)[0m  [1m[34mSELECT "owners".* FROM "owners"[0m
  ↳ app/views/owners/index.html.erb:3
  Rendered owners/index.html.erb within layouts/application (Duration: 3.1ms | Allocations: 735)
[Webpacker] Compiling...
[Webpacker] Compilation failed:
yarn run v1.22.10
info Visit https://yarnpkg.com/en/docs/cli/run for documentation about this command.


error Command "webpack" not found.

  Rendered layout layouts/application.html.erb (Duration: 1105.9ms | Allocations: 6519)
Completed 500 Internal Server Error in 1108ms (ActiveRecord: 0.2ms | Allocations: 6938)


  
ActionView::Template::Error (Webpacker can't find application.js in /Applications/Flatiron Curriculum/Flatiron/Projects/virtual-garden/public/packs/manifest.json. Possible causes:
1. You want to set webpacker.yml value of compile to true for your environment
   unless you are using the `webpack -w` or the webpack-dev-server.
2. webpack has not yet re-run to reflect updates.
3. You have misconfigured Webpacker's config/webpacker.yml file.
4. Your webpack configuration is not creating a manifest.
Your manifest contains:
{
}
):
     7:     <%= csp_meta_tag %>
     8: 
     9:     <%= stylesheet_link_tag 'application', media: 'all', 'data-turbolinks-track': 'reload' %>
    10:     <%= javascript_pack_tag 'application', 'data-turbolinks-track': 'reload' %>
    11:   </head>
    12: 
    13:   <body>
  
app/views/layouts/application.html.erb:10
Started GET "/gardens" for ::1 at 2021-03-30 14:53:14 -0400
Processing by GardensController#index as HTML
  Rendering layout layouts/application.html.erb
  Rendering gardens/index.html.erb within layouts/application
  Rendered gardens/index.html.erb within layouts/application (Duration: 1.7ms | Allocations: 1140)
  Rendered layout layouts/application.html.erb (Duration: 2.0ms | Allocations: 1212)
Completed 500 Internal Server Error in 15ms (ActiveRecord: 0.0ms | Allocations: 3472)


  
ActionView::SyntaxErrorInTemplate (Encountered a syntax error while rendering template: check <h1>All Gardens</h1>
<% @gardens.each do |garden| %>
    <% link_to garden.name, garden_path(garden)) %>
    <%= (link_to "Edit Garden", edit_garden_path(garden)) %>
    <% end %>
</div>
):
1:    <h1>All Gardens</h1>
2:    <% @gardens.each do |garden| %>
3:        <% link_to garden.name, garden_path(garden)) %>
4:        <%= (link_to "Edit Garden", edit_garden_path(garden)) %>
5:        <% end %>
6:    </div>
  
app/views/gardens/index.html.erb:3: syntax error, unexpected ')', expecting end
app/views/gardens/index.html.erb:8: syntax error, unexpected end, expecting end-of-input
app/views/gardens/index.html.erb:3: syntax error, unexpected ')', expecting end
app/views/gardens/index.html.erb:8: syntax error, unexpected end, expecting end-of-input
app/views/gardens/index.html.erb:3: syntax error, unexpected ')', expecting end
app/views/gardens/index.html.erb:8: syntax error, unexpected end, expecting end-of-input
app/views/gardens/index.html.erb:3: syntax error, unexpected ')', expecting end
app/views/gardens/index.html.erb:8: syntax error, unexpected end, expecting end-of-input
app/views/gardens/index.html.erb:3: syntax error, unexpected ')', expecting end
app/views/gardens/index.html.erb:8: syntax error, unexpected end, expecting end-of-input
app/views/gardens/index.html.erb:3: syntax error, unexpected ')', expecting end
app/views/gardens/index.html.erb:8: syntax error, unexpected end, expecting end-of-input
Started GET "/gardens" for ::1 at 2021-03-30 14:54:48 -0400
Processing by GardensController#index as HTML
  Rendering layout layouts/application.html.erb
  Rendering gardens/index.html.erb within layouts/application
  [1m[36mGarden Load (0.5ms)[0m  [1m[34mSELECT "gardens".* FROM "gardens"[0m
  ↳ app/views/gardens/index.html.erb:2
  Rendered gardens/index.html.erb within layouts/application (Duration: 2.8ms | Allocations: 851)
[Webpacker] Compiling...
[Webpacker] Compilation failed:
yarn run v1.22.10
info Visit https://yarnpkg.com/en/docs/cli/run for documentation about this command.


error Command "webpack" not found.

  Rendered layout layouts/application.html.erb (Duration: 1879.8ms | Allocations: 6785)
Completed 500 Internal Server Error in 1884ms (ActiveRecord: 0.5ms | Allocations: 7854)


  
ActionView::Template::Error (Webpacker can't find application.js in /Applications/Flatiron Curriculum/Flatiron/Projects/virtual-garden/public/packs/manifest.json. Possible causes:
1. You want to set webpacker.yml value of compile to true for your environment
   unless you are using the `webpack -w` or the webpack-dev-server.
2. webpack has not yet re-run to reflect updates.
3. You have misconfigured Webpacker's config/webpacker.yml file.
4. Your webpack configuration is not creating a manifest.
Your manifest contains:
{
}
):
     7:     <%= csp_meta_tag %>
     8: 
     9:     <%= stylesheet_link_tag 'application', media: 'all', 'data-turbolinks-track': 'reload' %>
    10:     <%= javascript_pack_tag 'application', 'data-turbolinks-track': 'reload' %>
    11:   </head>
    12: 
    13:   <body>
  
app/views/layouts/application.html.erb:10
